<?xml version="1.0" encoding="UTF-8"?>
<robot generator="Robot 7.4.1 (Python 3.11.9 on darwin)" generated="2026-01-12T16:53:37.131753" rpa="false" schemaversion="5">
<suite id="s1" name="Assignment3" source="/Users/70008742/Downloads/robotframework-project/tests/Assignment3.robot">
<test id="s1-t1" name="Get User Profile Success" line="8">
<kw name="Create Session" owner="RequestsLibrary">
<msg time="2026-01-12T16:53:37.312239" level="INFO">Creating Session using : alias=api, url=https://reqres.in, headers={},                     cookies={}, auth=None, timeout=None, proxies=None, verify=False,                     debug=0 </msg>
<arg>api</arg>
<arg>${BASE_URL}</arg>
<doc>Create Session: create a HTTP session to a server</doc>
<status status="PASS" start="2026-01-12T16:53:37.312124" elapsed="0.000224"/>
</kw>
<kw name="GET On Session" owner="RequestsLibrary">
<msg time="2026-01-12T16:53:37.417008" level="INFO">GET Request : url=https://reqres.in/api/users/12 
 path_url=/api/users/12 
 headers={'User-Agent': 'python-requests/2.32.5', 'Accept-Encoding': 'gzip, deflate', 'Accept': '*/*', 'Connection': 'keep-alive'} 
 body=None 
 </msg>
<msg time="2026-01-12T16:53:37.417123" level="INFO">GET Response : url=https://reqres.in/api/users/12 
 status=403, reason=Forbidden 
 headers={'Date': 'Mon, 12 Jan 2026 09:53:37 GMT', 'Content-Type': 'text/html; charset=UTF-8', 'Transfer-Encoding': 'chunked', 'Connection': 'close', 'accept-ch': 'Sec-CH-UA-Bitness, Sec-CH-UA-Arch, Sec-CH-UA-Full-Version, Sec-CH-UA-Mobile, Sec-CH-UA-Model, Sec-CH-UA-Platform-Version, Sec-CH-UA-Full-Version-List, Sec-CH-UA-Platform, Sec-CH-UA, UA-Bitness, UA-Arch, UA-Full-Version, UA-Mobile, UA-Model, UA-Platform-Version, UA-Platform, UA', 'cf-mitigated': 'challenge', 'critical-ch': 'Sec-CH-UA-Bitness, Sec-CH-UA-Arch, Sec-CH-UA-Full-Version, Sec-CH-UA-Mobile, Sec-CH-UA-Model, Sec-CH-UA-Platform-Version, Sec-CH-UA-Full-Version-List, Sec-CH-UA-Platform, Sec-CH-UA, UA-Bitness, UA-Arch, UA-Full-Version, UA-Mobile, UA-Model, UA-Platform-Version, UA-Platform, UA', 'cross-origin-embedder-policy': 'require-corp', 'cross-origin-opener-policy': 'same-origin', 'cross-origin-resource-policy': 'same-origin', 'origin-agent-cluster': '?1', 'permissions-policy': 'accelerometer=(),browsing-topics=(),camera=(),clipboard-read=(),clipboard-write=(),geolocation=(),gyroscope=(),hid=(),interest-cohort=(),magnetometer=(),microphone=(),payment=(),publickey-credentials-get=(),screen-wake-lock=(),serial=(),sync-xhr=(),usb=()', 'referrer-policy': 'same-origin', 'server-timing': 'chlray;desc="9bcbc4912d377b40"', 'x-content-type-options': 'nosniff', 'x-frame-options': 'SAMEORIGIN', 'Cache-Control': 'private, max-age=0, no-store, no-cache, must-revalidate, post-check=0, pre-check=0', 'Expires': 'Thu, 01 Jan 1970 00:00:01 GMT', 'Report-To': '{"endpoints":[{"url":"https:\\/\\/a.nel.cloudflare.com\\/report\\/v4?s=EGJ4hGnTTTi9bRjG5STziLNeaLgKi4rD%2FVhdvJ%2BP%2FmBZwn%2BYAHeoeCogybc6DWszJJfkEFMGh2Pn%2FOZqZ694NhUjmL53selbO6xKEZhK4FyHIX7DXU1aoIC9Xw%3D%3D"}],"group":"cf-nel","max_age":604800}', 'NEL': '{"success_fraction":0,"report_to":"cf-nel","max_age":604800}', 'Vary': 'Accept-Encoding', 'Server': 'cloudflare', 'CF-RAY': '9bcbc4912d377b40-BKK', 'Content-Encoding': 'gzip'} 
 body=&lt;!DOCTYPE html&gt;&lt;html lang="en-US"&gt;&lt;head&gt;&lt;title&gt;Just a moment...&lt;/title&gt;&lt;meta http-equiv="Content-Type" content="text/html; charset=UTF-8"&gt;&lt;meta http-equiv="X-UA-Compatible" content="IE=Edge"&gt;&lt;meta name="robots" content="noindex,nofollow"&gt;&lt;meta name="viewport" content="width=device-width,initial-scale=1"&gt;&lt;style&gt;*{box-sizing:border-box;margin:0;padding:0}html{line-height:1.15;-webkit-text-size-adjust:100%;color:#313131;font-family:system-ui,-apple-system,BlinkMacSystemFont,"Segoe UI",Roboto,"Helvetica Neue",Arial,"Noto Sans",sans-serif,"Apple Color Emoji","Segoe UI Emoji","Segoe UI Symbol","Noto Color Emoji"}body{display:flex;flex-direction:column;height:100vh;min-height:100vh}.main-content{margin:8rem auto;padding-left:1.5rem;max-width:60rem}@media (width &lt;= 720px){.main-content{margin-top:4rem}}.h2{line-height:2.25rem;font-size:1.5rem;font-weight:500}@media (width &lt;= 720px){.h2{line-height:1.5rem;font-size:1.25rem}}#challenge-error-text{background-image:url("data:image/svg+xml;base64,PHN2ZyB4bWxucz0iaHR0cDovL3d3dy53My5vcmcvMjAwMC9zdmciIHdpZHRoPSIzMiIgaGVpZ2h0PSIzMiIgZmlsbD0ibm9uZSI+PHBhdGggZmlsbD0iI0IyMEYwMyIgZD0iTTE2IDNhMTMgMTMgMCAxIDAgMTMgMTNBMTMuMDE1IDEzLjAxNSAwIDAgMCAxNiAzbTAgMjRhMTEgMTEgMCAxIDEgMTEtMTEgMTEuMDEgMTEuMDEgMCAwIDEtMTEgMTEiLz48cGF0aCBmaWxsPSIjQjIwRjAzIiBkPSJNMTcuMDM4IDE4LjYxNUgxNC44N0wxNC41NjMgOS41aDIuNzgzem0tMS4wODQgMS40MjdxLjY2IDAgMS4wNTcuMzg4LjQwNy4zODkuNDA3Ljk5NCAwIC41OTYtLjQwNy45ODQtLjM5Ny4zOS0xLjA1Ny4zODktLjY1IDAtMS4wNTYtLjM4OS0uMzk4LS4zODktLjM5OC0uOTg0IDAtLjU5Ny4zOTgtLjk4NS40MDYtLjM5NyAxLjA1Ni0uMzk3Ii8+PC9zdmc+");background-repeat:no-repeat;background-size:contain;padding-left:34px}@media (prefers-color-scheme: dark){body{background-color:#222;color:#d9d9d9}}&lt;/style&gt;&lt;meta http-equiv="refresh" content="360"&gt;&lt;/head&gt;&lt;body&gt;&lt;div class="main-wrapper" role="main"&gt;&lt;div class="main-content"&gt;&lt;noscript&gt;&lt;div class="h2"&gt;&lt;span id="challenge-error-text"&gt;Enable JavaScript and cookies to continue&lt;/span&gt;&lt;/div&gt;&lt;/noscript&gt;&lt;/div&gt;&lt;/div&gt;&lt;script&gt;(function(){window._cf_chl_opt = {cvId: '3',cZone: 'reqres.in',cType: 'managed',cRay: '9bcbc4912d377b40',cH: 'c34pQWLXfRWjEeXIILoygm8KUYkT5Qzx2fVJFc_F7rI-1768211617-1.2.1.1-vKA9htfd85nApukrAVgqZQojImSX.uBj..vDq0c6Q1VvdD3T5UFOMbgLoFUejGcW',cUPMDTk:"\/api\/users\/12?__cf_chl_tk=aIAeTcQsPSv4ARR24wJ5q1YodSJuObmNUtm538bMlvY-1768211617-1.0.1.1-qmb5FhM7mwhaeMfAN_PI52fR7hd0NjHuMB7w7J273dk",cFPWv: 'g',cITimeS: '1768211617',cTplC:0,cTplV:5,cTplB: '0',fa:"\/api\/users\/12?__cf_chl_f_tk=aIAeTcQsPSv4ARR24wJ5q1YodSJuObmNUtm538bMlvY-1768211617-1.0.1.1-qmb5FhM7mwhaeMfAN_PI52fR7hd0NjHuMB7w7J273dk",md: 'ufol8oscHpLSOhPv3IvZXLaOrf4iHorWGkh.KxDN7ug-1768211617-1.2.1.1-anfAQrtoRr0JUe8N6mObs5tDPHloPpD4JxCpl1TvsHRGfye6E5oL937kdmwhSrVSTY2gfE7GIKfMym_oRzAveb.qP7Yd41MEbxgHG8YnGADS33KZlTpDuKyYxxJqKjL.8.ySsnT6GdT5.OpWOfCCkvu0riXrMQ8YK0KxenX.pQS2LVYPMEOwkGA.BIBOaSqMASXZRWbe5RKFqfv4r9eskl4AXDsd3BrP7xJ0sYSjNYsawFu4kSZgKrzQk3EjZ1iZrQ5GSjDTsH6Kjb_Ik0TMZJ3hsGsdid_clCppcLccmMc1a9uLTd6lZvvdGgBok597FSMUCNjKcRKJrP71hehG7Iu55qvTs8KvcJfsIELl8OFBQ58XW9GmmWFhfNPChC7G7WshT9F9Pb8IKmPKCrbE1wuZVUmDTse8Pms3NQApgRYb9ZSVw.67h6lombhMXC7rCTPpnVZqcHyBb1ROCIv3D4hLoQSRpkRuAXzaru61vmRODuNuKZutdIwO0e5xmHNvdo6w.LF_jvwTnBqS12QFcBeLZriH2VhTgvEdmnjQy_sPMwPRhQzhDfyPH8ZZwV0B4iAStfIWdnCyBGNOpE8yhMfFO78cbPDkbqJzE3nadswrCDXWvos09zHG1SiYtvsvEOHv1TJ5ln5lGhxkRYvJqvmT4_HIBGvN_8HYxJXWKuHuJMxnBEM6CaFOK3CUWwLNRfNArnLXmOFVrDG4uROpZ0Ua4fej8wu5qKft9rMoZP_gU_Zksko6LQcgVxprGtKoL4vwGsIyeAZsVbJqyX4WT_HIbXZnOovDtpdusehWUWDLGjt3zG_WXRiLFU1ddByH_BrQy0Ro3f1tk9DiPoi7unTT.CLTrtCUMBAuiamqRlUVHT7pcNHA7MxYT21h7wISrMBaeh7.T_d4ikaEZTsDHDZ6CE3.9FQKs35.lOT18tc',mdrd: 'v_dw7BTDvf1I5tyqU2pvwEOenI2A2HBcs_rdT12YYmg-1768211617-1.2.1.1-Nm0e.LQRaXGI1KIIRoXfGYNkVCzAFjlrUlG6zqJQncttZoXz0ncysG_ieS0090FrN3lpooc9SPkVYo4i9CXJgv91ggcW8iEMA5RcHeZTHrBA.Okuh4.OksuooZEi1I4rGG3aFbxLC5.1q7diE.GISJl2ZL.jq9m92.W8T1bwAIEMrIwuWaqYjAN4XdQBbV_CxI5kgzNJ8w.PdeB.0iyX9ThRJ0Ks7RxycDKnFUqdx5xuTP2nP8hgdxWOzqx8q488.Mn5s.IFHN7pgq8XlgCrZVWYBWWxsrH5WUaWSu0Q975yckkAkogTfUF4DYyr2Pp.wkknfkXlkk9oVfn12qJ9FIAQ9tiLD0U5Gnh2RkP6XiBWrzN2rMBlRTRtApQl3Ln_rFFmCqOFcXjgsmkMEWP07o0Yl6E8TfosTEpy0nUOL9egkueEBoDlh2oV19jabz5COGlX_46ISXWMCyxKLxvKZueb0W0WkcprLUuGEdxeReSIPIGnXhfClC2HG3lCv94pt.U9t3GieGdRHGynyoRhKg8.uXPLnUFTYgBYMnEl6tOA27XnC4wdFns_EddYXPTOvyd6rBQ5WxU1giOvyPeUa2EvKThYcRpCoo0FPXoSRFC03KHg_5bPRX0TQ4ufmOuVwTN21rCZT8DKcvLpnSN3yUap9Qp.SdG8WgY1JTN9CxYcO7cP3TC3r.m3YW7AnlTUkKZfIsN57QiNjgsZmtgmK9gfVjBXXekyJmuixI5aqF7v8wLLXS8Od3JlkpZWWdjmlraXJmehZ5MJfbFZ3NKb7DkzgrSmSMI.mF0dB_NjmZPuuBhgn9WF0o3ByrgrTrfgil87SXcShJqHPlG331TplsitXHIGYDHpnXRQw79IEGI8cgk.GXZFZDi1hjpV.pUiDPPne7RpBd2.xXmG0yUd.lTNCPZHTq5cT.aTVd8lxxfLEKwOZvBbEycVOBVKEsn7.h24N5RkF6qR.UcSkCA1H1hba2WEa96Hlrh3lKTvgaW5lDZZfhbzkPX6d9vfRg8yrjJbElqEQ2sZIJj3wQAIDObdXlDoiDC21pWNIyZszwfcowrQT3ej1RD5x7nWq1kzwM.5SsIfPYQrcYSWj_ibKE8KZtMqHkyjgcq5LuOmMl6B3vECW4QtnrhEivBqLGttIVxUP5ANsNzu_i6eBu9Gjj2ZMiNQci6JTGZCx3eaB9phct880zqSujhDbFeLd7OSO4mDMcZJzIp2rjxgPHwaowr_I8PQ7LEQ74P5y4WR0dE6fBFOsx_NenEBG0kZlZVCa6WeS48iDmzxEadZLjB29OI1UBXKteJSf9Wn9stxHkTDsLuTCEbo8L_7jI4CZWw.rRuATOTLOladm9tjZV.tSOXpEmtYznwalNr61kOpmgA7dEcwS4HR364lXtUAdHsetfzoJgonKMhNMJNnZSEs2pr6FtFAlm.LIs2NrKH7qSK8SRpmQK3tkM_LMtkw9eqqEFypsdpKN1_LEFWH757DrvKx4xw1Yawr6bYJX.h4dcJAZTkltilHyls76CEoz8J0o4okoxjxcQE304QcdQpMIh_o3Q3FPhkVV2g98iJG59i4YGYHLZaRsUen4FHTrCYei.5TOINgnFvR_ojrpfa4DW9Re4UdlwlJsBBhIO4rdKvr79agaqapjueFBiDChBHSxeeLE65BuMuZvG94DLqRgWaoWENfNu4PE1mnzgsLLP14zxY_7_8O1kae9wDFxbpdc1ayHtkRH0KSe5L94SomQoDntvPEnFty4TQ1leX1zdUq1asDBsGXMrfUbteL5xbt9CYILT_rqNiN1fSfS_fxe7IrXRdkVA4cYHjxwqKYZm2KSvcT.9y34NLSqfnfRCD3t_ax_l5ljsNY68rfugvtvVYr1bpnQy8Mfv44Ofro6lm.ThqGlStSHLtesyJsscD6qTHIFM5ggRgRDV._rwkkWtdvRfUy.RyIrGQ_HQ3PF0OvI8hThrlw3KTIWCr0gSx.R3jQYh8oh5Ukj724ZEVOzJP5a8s23uziAalqJ1QR3flMFqXWOlKmdCBNwSvgfzwNh1le2CdSFflhjVtpzu6CV68gpuwv_B_Nw2ppQqhnGlmW2J6Gs1FtFrrsJtgJ32DzuM3j0LLsPFO03RaoIgenU7VkLjbv9OZo2mxc_A7tBwQ_wqIE9YARo0EYeoGxiyJ1SrKzq704QkmYC_1xdK.UNd9uTD3MLCo4WUXwkbBcy6bKpgfA7TNbWatu4nthbKXis61Y3g33b929OMar1ORLelvvqZrC_HG7QYKXdKRzuZ13PUpZdFkTwkdE9z5eNvt_CEUptCkIUHjcdTmmdPg37OJU8idpUO9ODjOrv4BJJy_.giD0ChnsdTKkr831bAIntZe3jP0WLrIh6ZEJ3SxEc14Nue._lCr96hWqjvFf_gnxlK6II18cItPgkIb5tFNdzX83AL5.cU41rbW66uJu93mp2GZawXikMlIdYfJ63yNL2abaQK1o5k1X189.v1Uf1ws5TlJ1MDx2BQqLg.KVanjAtPa3A3byO4ziq.LHBD.LfwDU1EOsjm.IsXvBP6xkLngGcpYjjdFuYhhtJXvG.dxZnQ.xUTMaNE4hd97F5.lmgvgCluaOtmjzM3l3U68D4OJE0kU1iPXip38mdH85drY4BOCplVsSE7yFD0g_BbYt1AaDIP6tnRa5roEAYmkoSIQO1RJ4bKROxI7VaskQJBpX7CjZgihh0Cp8CpavA_YqP_nhpQxHIREzzHDDJozTyif0xPqauGfWvFjf52AxqFEaeLMRHpChlw_FdbMGF2qohH.OMat71Ktg7vvlZ87ctw5NpziHeUJrhVszL40gCbdnybYyMWHtWhInTI4kqmlkWC1fEpBu1rrrRr4B5r1H_MGNuH3.XpSAdWd4Y6Qe7yhLyfJP76HTi8IyLM5dP9XATxFNwEmBfgYl9SCUhyyF3WcQZ4JiRRNdCE.nlkCqRDq7.qNbcTRm2fu9UcKQLH6s6a09lrltoXMrRrclkv.2RZKVjk_BgGiNGeI6HjbO25c3HZUC5x_LOBM3CTIuGhgD88YOs8xPvKafDlqCCBasV0VTyKjn8MmVYfah5Yx_TjuuGOGvY0RaR8OYQ6K09nhfOuYpqs0WHuG0R8ADTpaipUGNiA_d13vAiP8anefh7K2NXhONgHrLU1bE8xudDCnWTflBg2EJZqq7VdvTgk8TpvqoAD22pKSOBaDyK93F3YOMTh3iJx3OA5IHshteYF__KCadRqyK4nJ3KPv8UMzPHIUFzXavDhDi1.oy1sS2Q6aG6_UrJCYDFkRJKgaxJVMF_aL_7u6RQSDskFWDSm6ig8gJvVpklfLIQR3NkZqVL3waiz1xpqU2G_vrzeIDpSA785nR5aK4PXp2NU7SpcWDmzTa8_1_4XIukv84Aw6pLYHB0TZ_PFp4Os.BCEmCdgILs9pGyoUKX.F7_TKlK.gF9bHIBUs8HmU3hzdlWXUGtm2NgqSR6oSQRqfpTtMEWqvT.UzQkTPgrYAdFbSIhBFon0VOhTiVUDlrRExLu88XKeUrPZ1vf4Eef5kNF.l2VXYOIMalfwpVcoCgYuDmr17tCLGl__ZTNV1e5D8FbjvNR3MbK8lyGpjqkef.zNCN236SUhvxi4zxSk3Zn.fbq7pVXnySVL_h0M65l60qNv3GKjDKvJ4yS7ANIAcMeJocIruQ9j2lXLYYZvxj7dVsKSa_LYVFLKxGvAg_ZtAd0hShP2KRa_HvbxmxCmz8VCiG3NvBnofbYJHMGlUmhB6wwJ4lttfdIEAjFk.hSAW3jq9nbb5beQeITaQDoukkOtCSDQOnKUlEYN0ncIoxusSA5n1oIAkk7LAkBr_ODgMSEwaTe6ebhBc.z0mG8vrZsiJjXwV43hGOKOFaSqBsQbrRnzYieR.2IFIYB1lp2QJGvWHb1jj6CResUEOr31AZ8I0991yhv1N9hzemiLeajQszpj1oiue5REl5wL1c8FI8IoZsjq_mnrX_kVHCNv2vMX5LlIudP4gPxUXzf875Haw9mYfg2nP3boyg6MrnIVwIBfDd5RodMOYabeW0to0q4g2RtpiJQHcdkcxo2n8wBuE.xrc_1NBtEXthKUJrYs6A5EddOXfZvWUBJKqW2WT9O0yrw633Yu6BNNdcc_x.Lgl0qgUQaNLsrgcKPWByayeVP9qbHa2ePSrU3VqDUcUbneLV2JYfNlwBKRL.EKRxQF1Ra_Js',};var a = document.createElement('script');a.src = '/cdn-cgi/challenge-platform/h/g/orchestrate/chl_page/v1?ray=9bcbc4912d377b40';window._cf_chl_opt.cOgUHash = location.hash === '' &amp;&amp; location.href.indexOf('#') !== -1 ? '#' : location.hash;window._cf_chl_opt.cOgUQuery = location.search === '' &amp;&amp; location.href.slice(0, location.href.length - window._cf_chl_opt.cOgUHash.length).indexOf('?') !== -1 ? '?' : location.search;if (window.history &amp;&amp; window.history.replaceState) {var ogU = location.pathname + window._cf_chl_opt.cOgUQuery + window._cf_chl_opt.cOgUHash;history.replaceState(null, null,"\/api\/users\/12?__cf_chl_rt_tk=aIAeTcQsPSv4ARR24wJ5q1YodSJuObmNUtm538bMlvY-1768211617-1.0.1.1-qmb5FhM7mwhaeMfAN_PI52fR7hd0NjHuMB7w7J273dk"+ window._cf_chl_opt.cOgUHash);a.onload = function() {history.replaceState(null, null, ogU);}}document.getElementsByTagName('head')[0].appendChild(a);}());&lt;/script&gt;&lt;/body&gt;&lt;/html&gt; 
 </msg>
<msg time="2026-01-12T16:53:37.417303" level="INFO">/Users/70008742/.local/lib/python3.11/site-packages/urllib3/connectionpool.py:1097: InsecureRequestWarning: Unverified HTTPS request is being made to host 'reqres.in'. Adding certificate verification is strongly advised. See: https://urllib3.readthedocs.io/en/latest/advanced-usage.html#tls-warnings
  warnings.warn(</msg>
<msg time="2026-01-12T16:53:37.417399" level="INFO">${resp} = &lt;Response [403]&gt;</msg>
<var>${resp}</var>
<arg>api</arg>
<arg>/api/users/${USER_EXIST}</arg>
<arg>expected_status=anything</arg>
<doc>Sends a GET request on a previously created HTTP Session.</doc>
<status status="PASS" start="2026-01-12T16:53:37.312457" elapsed="0.104962"/>
</kw>
<kw name="Log" owner="BuiltIn">
<msg time="2026-01-12T16:53:37.418094" level="INFO">Status Code: 403</msg>
<arg>Status Code: ${resp.status_code}</arg>
<doc>Logs the given message with the given level.</doc>
<status status="PASS" start="2026-01-12T16:53:37.417603" elapsed="0.000526"/>
</kw>
<kw name="Log" owner="BuiltIn">
<msg time="2026-01-12T16:53:37.418615" level="FAIL">Resolving variable '${resp.json()}' failed: JSONDecodeError: Expecting value: line 1 column 1 (char 0)</msg>
<arg>Response: ${resp.json()}</arg>
<doc>Logs the given message with the given level.</doc>
<status status="FAIL" start="2026-01-12T16:53:37.418234" elapsed="0.000407">Resolving variable '${resp.json()}' failed: JSONDecodeError: Expecting value: line 1 column 1 (char 0)</status>
</kw>
<kw name="Should Be Equal As Integers" owner="BuiltIn">
<arg>${resp.status_code}</arg>
<arg>200</arg>
<doc>Fails if objects are unequal after converting them to integers.</doc>
<status status="NOT RUN" start="2026-01-12T16:53:37.418739" elapsed="0.000020"/>
</kw>
<kw name="Validate User Data" owner="common">
<arg>${resp.json()}</arg>
<arg>${USER_EXIST}</arg>
<status status="NOT RUN" start="2026-01-12T16:53:37.418906" elapsed="0.000022"/>
</kw>
<doc>Verify API returns correct user data for existing user</doc>
<status status="FAIL" start="2026-01-12T16:53:37.311408" elapsed="0.107619">Resolving variable '${resp.json()}' failed: JSONDecodeError: Expecting value: line 1 column 1 (char 0)</status>
</test>
<test id="s1-t2" name="Get User Profile Not Found" line="18">
<kw name="Create Session" owner="RequestsLibrary">
<msg time="2026-01-12T16:53:37.419443" level="INFO">Creating Session using : alias=api, url=https://reqres.in, headers={},                     cookies={}, auth=None, timeout=None, proxies=None, verify=False,                     debug=0 </msg>
<arg>api</arg>
<arg>${BASE_URL}</arg>
<doc>Create Session: create a HTTP session to a server</doc>
<status status="PASS" start="2026-01-12T16:53:37.419355" elapsed="0.000183"/>
</kw>
<kw name="GET On Session" owner="RequestsLibrary">
<msg time="2026-01-12T16:53:37.636886" level="INFO">GET Request : url=https://reqres.in/api/users/1234 
 path_url=/api/users/1234 
 headers={'User-Agent': 'python-requests/2.32.5', 'Accept-Encoding': 'gzip, deflate', 'Accept': '*/*', 'Connection': 'keep-alive'} 
 body=None 
 </msg>
<msg time="2026-01-12T16:53:37.636988" level="INFO">GET Response : url=https://reqres.in/api/users/1234 
 status=403, reason=Forbidden 
 headers={'Date': 'Mon, 12 Jan 2026 09:53:37 GMT', 'Content-Type': 'text/html; charset=UTF-8', 'Transfer-Encoding': 'chunked', 'Connection': 'close', 'accept-ch': 'Sec-CH-UA-Bitness, Sec-CH-UA-Arch, Sec-CH-UA-Full-Version, Sec-CH-UA-Mobile, Sec-CH-UA-Model, Sec-CH-UA-Platform-Version, Sec-CH-UA-Full-Version-List, Sec-CH-UA-Platform, Sec-CH-UA, UA-Bitness, UA-Arch, UA-Full-Version, UA-Mobile, UA-Model, UA-Platform-Version, UA-Platform, UA', 'cf-mitigated': 'challenge', 'critical-ch': 'Sec-CH-UA-Bitness, Sec-CH-UA-Arch, Sec-CH-UA-Full-Version, Sec-CH-UA-Mobile, Sec-CH-UA-Model, Sec-CH-UA-Platform-Version, Sec-CH-UA-Full-Version-List, Sec-CH-UA-Platform, Sec-CH-UA, UA-Bitness, UA-Arch, UA-Full-Version, UA-Mobile, UA-Model, UA-Platform-Version, UA-Platform, UA', 'cross-origin-embedder-policy': 'require-corp', 'cross-origin-opener-policy': 'same-origin', 'cross-origin-resource-policy': 'same-origin', 'origin-agent-cluster': '?1', 'permissions-policy': 'accelerometer=(),browsing-topics=(),camera=(),clipboard-read=(),clipboard-write=(),geolocation=(),gyroscope=(),hid=(),interest-cohort=(),magnetometer=(),microphone=(),payment=(),publickey-credentials-get=(),screen-wake-lock=(),serial=(),sync-xhr=(),usb=()', 'referrer-policy': 'same-origin', 'server-timing': 'chlray;desc="9bcbc4919e9bee31"', 'x-content-type-options': 'nosniff', 'x-frame-options': 'SAMEORIGIN', 'Cache-Control': 'private, max-age=0, no-store, no-cache, must-revalidate, post-check=0, pre-check=0', 'Expires': 'Thu, 01 Jan 1970 00:00:01 GMT', 'Report-To': '{"endpoints":[{"url":"https:\\/\\/a.nel.cloudflare.com\\/report\\/v4?s=Is22keUNMVkd1rQcK12PL0ykms%2FgY3FKOQxncD%2FQqkjd8bVRisrE7Odw3D3JQ02y2EaEGL6PhmkQJ57cALVHRSXXRoYsF0aWQTxSBYuFkU55STN%2BrwO0thoZ1w%3D%3D"}],"group":"cf-nel","max_age":604800}', 'NEL': '{"success_fraction":0,"report_to":"cf-nel","max_age":604800}', 'Vary': 'Accept-Encoding', 'Server': 'cloudflare', 'CF-RAY': '9bcbc4919e9bee31-BKK', 'Content-Encoding': 'gzip'} 
 body=&lt;!DOCTYPE html&gt;&lt;html lang="en-US"&gt;&lt;head&gt;&lt;title&gt;Just a moment...&lt;/title&gt;&lt;meta http-equiv="Content-Type" content="text/html; charset=UTF-8"&gt;&lt;meta http-equiv="X-UA-Compatible" content="IE=Edge"&gt;&lt;meta name="robots" content="noindex,nofollow"&gt;&lt;meta name="viewport" content="width=device-width,initial-scale=1"&gt;&lt;style&gt;*{box-sizing:border-box;margin:0;padding:0}html{line-height:1.15;-webkit-text-size-adjust:100%;color:#313131;font-family:system-ui,-apple-system,BlinkMacSystemFont,"Segoe UI",Roboto,"Helvetica Neue",Arial,"Noto Sans",sans-serif,"Apple Color Emoji","Segoe UI Emoji","Segoe UI Symbol","Noto Color Emoji"}body{display:flex;flex-direction:column;height:100vh;min-height:100vh}.main-content{margin:8rem auto;padding-left:1.5rem;max-width:60rem}@media (width &lt;= 720px){.main-content{margin-top:4rem}}.h2{line-height:2.25rem;font-size:1.5rem;font-weight:500}@media (width &lt;= 720px){.h2{line-height:1.5rem;font-size:1.25rem}}#challenge-error-text{background-image:url("data:image/svg+xml;base64,PHN2ZyB4bWxucz0iaHR0cDovL3d3dy53My5vcmcvMjAwMC9zdmciIHdpZHRoPSIzMiIgaGVpZ2h0PSIzMiIgZmlsbD0ibm9uZSI+PHBhdGggZmlsbD0iI0IyMEYwMyIgZD0iTTE2IDNhMTMgMTMgMCAxIDAgMTMgMTNBMTMuMDE1IDEzLjAxNSAwIDAgMCAxNiAzbTAgMjRhMTEgMTEgMCAxIDEgMTEtMTEgMTEuMDEgMTEuMDEgMCAwIDEtMTEgMTEiLz48cGF0aCBmaWxsPSIjQjIwRjAzIiBkPSJNMTcuMDM4IDE4LjYxNUgxNC44N0wxNC41NjMgOS41aDIuNzgzem0tMS4wODQgMS40MjdxLjY2IDAgMS4wNTcuMzg4LjQwNy4zODkuNDA3Ljk5NCAwIC41OTYtLjQwNy45ODQtLjM5Ny4zOS0xLjA1Ny4zODktLjY1IDAtMS4wNTYtLjM4OS0uMzk4LS4zODktLjM5OC0uOTg0IDAtLjU5Ny4zOTgtLjk4NS40MDYtLjM5NyAxLjA1Ni0uMzk3Ii8+PC9zdmc+");background-repeat:no-repeat;background-size:contain;padding-left:34px}@media (prefers-color-scheme: dark){body{background-color:#222;color:#d9d9d9}}&lt;/style&gt;&lt;meta http-equiv="refresh" content="360"&gt;&lt;/head&gt;&lt;body&gt;&lt;div class="main-wrapper" role="main"&gt;&lt;div class="main-content"&gt;&lt;noscript&gt;&lt;div class="h2"&gt;&lt;span id="challenge-error-text"&gt;Enable JavaScript and cookies to continue&lt;/span&gt;&lt;/div&gt;&lt;/noscript&gt;&lt;/div&gt;&lt;/div&gt;&lt;script&gt;(function(){window._cf_chl_opt = {cvId: '3',cZone: 'reqres.in',cType: 'managed',cRay: '9bcbc4919e9bee31',cH: 'R0MWEqWhd9XOmZMIlzda.Z6HAcL.8UAnnzVnJpdMXNc-1768211617-1.2.1.1-tFxSbNcEdG5LNQ9WxN54hIkM_uVxaXvcz0yuWqZbrCiwJYDOmTcsjMOGLaBIEuNO',cUPMDTk:"\/api\/users\/1234?__cf_chl_tk=13uV4e1qOAgQ504zAS.VVXVad41SFAzjPLmKstvhUHw-1768211617-1.0.1.1-483lSZoNJJSfQ5eFhttj0XqCukAY19P_sM8p5Z0zxUw",cFPWv: 'g',cITimeS: '1768211617',cTplC:0,cTplV:5,cTplB: '0',fa:"\/api\/users\/1234?__cf_chl_f_tk=13uV4e1qOAgQ504zAS.VVXVad41SFAzjPLmKstvhUHw-1768211617-1.0.1.1-483lSZoNJJSfQ5eFhttj0XqCukAY19P_sM8p5Z0zxUw",md: '53bR0i.t9_YgI8PmvskZyNdWQKaLmIOBlJbHNGJbs08-1768211617-1.2.1.1-YbTL5Zlr7o0sWOU8UV0aqk.mZGbejpZCvBZ5h.wvSnBBiwOoZI7lu9MgytPDNriLzfdzuY.DQVcXigFJ9evMo771BkhVIZoYO9meaVSbelil3TOORSYd65CKIiDsHOEiC7WKxKZHWXW7CBLCPcDmbcSBjbiS5.tlU_YFdwWR3Y2ZWZUhQr8YlkmCQH.kAGSnw09S_740qqr5ZgpAO6RrjXCE7QNbd2ukO6uvVTBet9GsWuF0jr.8p3rHX71ytBb6pondZCBQaQdp72dQK40xBxEmGd.F8zKRKXxMoYVIZe024R9eJuDG0luS2p1WwTMP7Ro0TQSSMIOT7g1yoeQ0UbnzAxQrOAy3R3pVxlpdTM4whaNItO599dMkxQb3cPEgJRYebyyHVlpOgeIEwR.qrevpcyYkwqbJJVfzbmWrwccdM3N2cU8EkQdoRFnqgJDv_iY2dhwtiN7MhKd3E2emi5Ve0eHbaczpS2493okNLXRZla8ffwItG7KcbDlFYnBKXYlqEJgrJ2nl6FB3JLl0x.SU9b3Xg0KKH8wObEKgw2txFAqevzR8xtcNaK3xV3iIExBm1J3RL46eFHi5LkVo51SJBJuoz88fyd0Dto81bgpDuMZSE2VmbjnILlrNVazr.vyMKvtLNU.mpqm.SNUiD1NCqvz35tZdADs.IekZCWmRsC_MX8NycqPW_J2tieT17wurcdkkY1scbd6c.3a9R8hWkIsHyHlbRe6SF9ADEt38JIAfafkWyK4PYW_EEdb7OPgRp.p.KF0krpDGtIsTvX_doyvEmOisnhoSXpfwsnGqKSasLUk5EoifsnEAvrzXc9vDusSwttNz1LqLpsIuxa5gRBpG45ISCGYpMM5y7eCLC_3654QZC6prMHsVO1Sp0ZcuWk8jz1ey3jX_2_DwJ03Ty95AoILjXxV54U1t0Iw',mdrd: '4CM6JqBujoCAJb9yZxm3qOS7Tlt8I3Xs6.eYuM.6hpk-1768211617-1.2.1.1-rPTd7mE1conPjRNkxDvcWUOkSMM8T_MbXso0D9AXuGRJ.jk8Fjsalg1S6j_01nk35IQREpRFcYNjpTbqVSj3e_0C3WEb4PLpRoa8bmUXRDnmjSlJ8iskxid2tBgqOttb9J2JrE2BuJ4EzHoCxUJX8nppFVy0M5PYX0fjsAFNhUSrXQYgs2yswlqu14cfVGw_uAygeQRU_IkJY0tQNNmromMbkeH8ZuXh0CXpsBbrOnlkwwcEqnu_JehzS64ywGI7EfP_EDokx6pJzjnj2IjUrADZtvgdRkDZxuT816kI7fiupcsowUXOtVGwo2UibHLdVLZkao3wygoaPhtjdCeoTExqscYDIm7kx8vKbusIlsSQOexF3ACAIbFtomoOvrjAhVCCs9w77VR9snsUQtMGIhujmvBgdCSS9Roq4O.lbKdL3Nk5OqLvxUwXkERk3pjdZMNY2oK3h39w0i1qvwK_QBO8J6rhvLZhdGlB0ACpp2v9PAkg0DJ.VDpfJ5HMIP51.HFBJ12a3x1lJcfk6LkLtxZh8lJGvCVLoxbMfgikTq8bt__CMaH7MIYBpdZ8_iWKJtCqEJ2LhSD77EqcxmMHSQ70lJTf9KpyHq2VppdoUZri__a1kFbYjJA1udRLLEljPzaffGvEUu2Z1E4BTB6p77TO1Fl_MhH46bZISA2W0iHPbED9C5MEYMtbIwACrCc0u8Vdk1Wbgw7WNaYpp7jITCdknKCJ7O_.LqXohSZ9JJM.qcKtQt9St6nktoKVWtSJMd.M.2brS61_gBnTexFF2hW9P53pDWHRq7jfXsr625iPOkVA9RsOGap7NHRsekN5CzOcx5huPrKlPMQuwG43.JOO0fh5naFucSqqhcoSifTK1Cm506j11xL87VTkMBbQBurhQIF1IiROeolJZxxk2.aSeAXANGxjK3OrdmGHp0RC4kpB9Khjy3pai9DonZ2Rp2EwGbn9GgDHnhulQ7mRUrpQRc9jiPNTcUmrO1ydgroj.hV2Z75e08ibF8BwGu4mLnmbpl6DhS_A8tO9fSTTMzQ2ownfB6J__Dy5mCTYpTEulJ5_d3VJ0ZBCGDBOXSuz6PNQEVGK9FoH5PqqceXbqGb7C7xXTm3krdy7DhjY9NaZ09LN4Fjm1HEF1WM0v0CiQvz6JX6JPJ1hm60gtw1_NWcl2iodUpQkzNEGR0VwJlZtOyw.N_59XHtj5TEmwsLiT4rpouyvqj06lQZd7NPGgZAbsSqUxkATgfGFUfFnYZuPYENUm2J23chOXOE4Z1svHanrf.l1eLqWFzL_zyjdnOZR6ilD7n0awm8U07ts4av_AZCLY49Os7ovGGifBH1FOP0GcZm_4xk55_38HlPY065.ZReqArDnoUdk5wwLysO6yZ5kyNluoS9EJNxsq6mj6wRlpMw.GPgnvGBUfvEg2vnQ1UvtfMJZOXDjt8BidjOY2KELk8LqQVeEbTdT0DvllsQLbbPAgU9VFTdjxqrHd0E2JBnVl3tS3KMAPves_v5IuXaILYcGzm5NJBfIoPGaNV1gfuuJvAf.bd.SMqS.B43Gbasynbbc4zHRArWAilwU6WdcRJld8LSv8S2w1CqefWyD5f_iPnobOGrHPEkqcqgjNbo2ih1nhQ5Psk0YPe9MSc4F0Z9MW9MZsGgf4e2F7ezXGqCJOtnqXQxoqKs9opDqCJ8Sz9NrJsO_fgU43h217X8m_NmR8SjkBiySMk2eQhEO3D5H16F6kRGeXD1DSPGKrZdYz2ulmqASFuZzMX.73kEh9qNjT2s5XuBFycifWRtobCo_VxmBWTecNywsvlDFtxmVMN0a14ToVJD4HLwf2PLALfS2J7FloPAVy6_W_fxbMmTni55gM5wdtACzCojGM2s9_zcURPwLWJtfTOztktG9ZCWAHzY6NGxKosfoWPd3U1VuLcqFfYLQXjBJVUvu_6YukxkR.j4hjVV1GdF5YZrULgP7VY4Igj8bnJUNSKzAdL08i0ZSlFWNZ0Tuajtl5aQJwotLLHRurEjP1__OxQVJ7FwmZlaLAO16NB.HZXNZcRkV6B7vkvcQYV2mZa03G1FeXS2P78NefWkJL6uyO3Va84dVWXBnKqbw0IOyVzWK2KBzhWeU8qZHfm83BOXxaRiB13beewxlEnsaw_IeP8O3ntJJyrNWL0GupKEQbAdHCotOY13UtZb.JS53n8Ys9pkTizlwUO67Emq4bUrK.eUXPj7j77ZlsVajl8E97MRT8DdbLErg30F64cdC6XRjUfRH8Gte29ymxPmQVP9e5cwoyUS6_LGxnCA.tbfj2V1eeBoPo_XizUKflWvGgSMYxnTLeh_XSyx1cUZPTGW7vY3Y2uAzEsKsZCcKOCScAwQDWfAiw0gLb1yOoKAJmxSZAy3Z26UR8RFKkUjcrqh5GNSuHN8NNZMBvROs52MYHAeIxMaePT40lCLp2rSpSPgAqUqLAQwOnIftCoP4vH179XkzQVNseOW6mtc4RTuYLDQ4K17VNn0GJdGoc6m6JPk2EsKgWHEhpASqzv369dKrPTrAbjsBZzcITgn3KbnFt0L9Aa67efIwlcbzKcgBhWzLw10O4Egd5R5Hq3YatikKKS4APqCr_6HMuXHPul4ghacUA79jjyJj29gPTfFwUfmokjIwl7hpubkvFXe9AMZvAjPD6FdCdb9Ao6Mu1WmLMhKmMjWnbN76FwSmDFDzOiZsjpCQUoErXw5HbgFlHm5O3YZWr28osz1595uEPJ7_hYp6inmGvF93bCnloUSApHtVh79aFPSNbJDcNhzvwBMF4a5jCsQtTJU2A62BZAho9hinSH62Yzy8nw00_bbzNNOKL6eHIQUubB8RqxWPVsvICWWgWYTg0r8dc.QDpT5DW4Uy7VZObxuYe7f2MA8071r6boZ7ZX6TMS7gr94_.CdMHi7rpLOQUxafcQw4p2FCrW0871VLXyuKinmHznek2RSRW8AFqIozJauZ2kXku3W1uk8ZgwK_py1X6.5oNfK0KI0NK0x63sJZAhqG7SSQ2g3bqOXmfewg3eiFbvmXavS5liR8k5e2c7AZ8bkjNz4TXIUa1VrklWmOOOzDYJfDCMETsCd58wQwhhwsFYPFDX1gn7Cm8wx7mdIdeA8JtF0UTBY0lCwfWrrc_sGFlYS3ugN7x7XVeOtbedp0yIDlO_fxstmbFcqm53.oz3rVLj7TFlRSseazWrqrhzZASB4Yjc5JcRTB1exhhIxPVWK81MzCQnZPyvFPQcBmZUY9C..V8Z9D8UGMjD4Dlo6WBwTYmNCH6ZcIcgBNcBeell41spNc6qtqZ4TYdzmICEiMY042pZBRjWKrCmAWQubhScbhTFXpnx6AgMRH3aFgpfVeb975RVoKK1a100y0nx.MzCyo37WUIAeu56LicU2jRqXMr3bWr1h1IASuMLGxZXCxfdrBb45Vr2c4MkjpoiEfnzVv_86JW30FpGvsBqXDjFuUYa7vjX0.w1RtEDUntKhk6gEunF1TqHwhqLeEmKgIha4MZ3WPFkZ9Am4n2sXFpTAXSLWaNJGvR3JFImMESxGzXSZjnlIQBPEtDccjUlcXJHZLlcUiYwev_Oj__h57_LHnrO2vAKz4rDkMILkqdhXnFyqKr0xKbwSiifPU5x7PlGHZpf6hjJaYit0hC7yEmQavYsOU7fYkQ_uDjfv00aXhcOUSoC0gSNZUvYW3F9ZHIp2m3ePZXyO46uxlp6_Bid9lq6jJHl0gsftxCCIwd.3erNzF1tlWVDqTaVQN_UJbYPTsWK4IMs36Ej3j0XBRIiqW4cdjqPnn9ir2rvacOJOX83nq3RwbDcQmNhlrldiIogJUrWD19gD5J3V19bYEi7eAQeJOwrqp_TvNPgOQ68stsiXdwMKfpCIpV7BzfeYgqoRVgXFUTeO._cqvQJy.GW_BAPy2DuVV1RrLNPiVUxN3V8SFglc0YpY399xu7ra7V3OEx2haFCKv4OLDMX2G2InA1vAeSoXef2bswZMZP8HzBVsIA4z46GkmSfgEFr3xNaOFzS4xn9v2ViOyMJ13y9oLrb2u.ZnqIcnuY4_Q3G3O1mEhcbQfBkUFGEwh42vFKEUcb2Sm.OV0GRVE75L3RRl6fIsrNbMOH4tjKUWrX5EvORSiKd26JRS5fSpiM452u7TgWmX7S5cYN4f.N_qkvT9IbboJk3guHP4IEnJU.BkGlhTja9PdHW5KKxY6FTxG2TH2',};var a = document.createElement('script');a.src = '/cdn-cgi/challenge-platform/h/g/orchestrate/chl_page/v1?ray=9bcbc4919e9bee31';window._cf_chl_opt.cOgUHash = location.hash === '' &amp;&amp; location.href.indexOf('#') !== -1 ? '#' : location.hash;window._cf_chl_opt.cOgUQuery = location.search === '' &amp;&amp; location.href.slice(0, location.href.length - window._cf_chl_opt.cOgUHash.length).indexOf('?') !== -1 ? '?' : location.search;if (window.history &amp;&amp; window.history.replaceState) {var ogU = location.pathname + window._cf_chl_opt.cOgUQuery + window._cf_chl_opt.cOgUHash;history.replaceState(null, null,"\/api\/users\/1234?__cf_chl_rt_tk=13uV4e1qOAgQ504zAS.VVXVad41SFAzjPLmKstvhUHw-1768211617-1.0.1.1-483lSZoNJJSfQ5eFhttj0XqCukAY19P_sM8p5Z0zxUw"+ window._cf_chl_opt.cOgUHash);a.onload = function() {history.replaceState(null, null, ogU);}}document.getElementsByTagName('head')[0].appendChild(a);}());&lt;/script&gt;&lt;/body&gt;&lt;/html&gt; 
 </msg>
<msg time="2026-01-12T16:53:37.637181" level="INFO">/Users/70008742/.local/lib/python3.11/site-packages/urllib3/connectionpool.py:1097: InsecureRequestWarning: Unverified HTTPS request is being made to host 'reqres.in'. Adding certificate verification is strongly advised. See: https://urllib3.readthedocs.io/en/latest/advanced-usage.html#tls-warnings
  warnings.warn(</msg>
<msg time="2026-01-12T16:53:37.637285" level="INFO">${resp} = &lt;Response [403]&gt;</msg>
<var>${resp}</var>
<arg>api</arg>
<arg>/api/users/${USER_NOT_FOUND}</arg>
<arg>expected_status=anything</arg>
<doc>Sends a GET request on a previously created HTTP Session.</doc>
<status status="PASS" start="2026-01-12T16:53:37.419624" elapsed="0.217683"/>
</kw>
<kw name="Log" owner="BuiltIn">
<msg time="2026-01-12T16:53:37.637965" level="INFO">Status Code: 403</msg>
<arg>Status Code: ${resp.status_code}</arg>
<doc>Logs the given message with the given level.</doc>
<status status="PASS" start="2026-01-12T16:53:37.637487" elapsed="0.000510"/>
</kw>
<kw name="Log" owner="BuiltIn">
<msg time="2026-01-12T16:53:37.638457" level="INFO">Response: &lt;!DOCTYPE html&gt;&lt;html lang="en-US"&gt;&lt;head&gt;&lt;title&gt;Just a moment...&lt;/title&gt;&lt;meta http-equiv="Content-Type" content="text/html; charset=UTF-8"&gt;&lt;meta http-equiv="X-UA-Compatible" content="IE=Edge"&gt;&lt;meta name="robots" content="noindex,nofollow"&gt;&lt;meta name="viewport" content="width=device-width,initial-scale=1"&gt;&lt;style&gt;*{box-sizing:border-box;margin:0;padding:0}html{line-height:1.15;-webkit-text-size-adjust:100%;color:#313131;font-family:system-ui,-apple-system,BlinkMacSystemFont,"Segoe UI",Roboto,"Helvetica Neue",Arial,"Noto Sans",sans-serif,"Apple Color Emoji","Segoe UI Emoji","Segoe UI Symbol","Noto Color Emoji"}body{display:flex;flex-direction:column;height:100vh;min-height:100vh}.main-content{margin:8rem auto;padding-left:1.5rem;max-width:60rem}@media (width &lt;= 720px){.main-content{margin-top:4rem}}.h2{line-height:2.25rem;font-size:1.5rem;font-weight:500}@media (width &lt;= 720px){.h2{line-height:1.5rem;font-size:1.25rem}}#challenge-error-text{background-image:url("data:image/svg+xml;base64,PHN2ZyB4bWxucz0iaHR0cDovL3d3dy53My5vcmcvMjAwMC9zdmciIHdpZHRoPSIzMiIgaGVpZ2h0PSIzMiIgZmlsbD0ibm9uZSI+PHBhdGggZmlsbD0iI0IyMEYwMyIgZD0iTTE2IDNhMTMgMTMgMCAxIDAgMTMgMTNBMTMuMDE1IDEzLjAxNSAwIDAgMCAxNiAzbTAgMjRhMTEgMTEgMCAxIDEgMTEtMTEgMTEuMDEgMTEuMDEgMCAwIDEtMTEgMTEiLz48cGF0aCBmaWxsPSIjQjIwRjAzIiBkPSJNMTcuMDM4IDE4LjYxNUgxNC44N0wxNC41NjMgOS41aDIuNzgzem0tMS4wODQgMS40MjdxLjY2IDAgMS4wNTcuMzg4LjQwNy4zODkuNDA3Ljk5NCAwIC41OTYtLjQwNy45ODQtLjM5Ny4zOS0xLjA1Ny4zODktLjY1IDAtMS4wNTYtLjM4OS0uMzk4LS4zODktLjM5OC0uOTg0IDAtLjU5Ny4zOTgtLjk4NS40MDYtLjM5NyAxLjA1Ni0uMzk3Ii8+PC9zdmc+");background-repeat:no-repeat;background-size:contain;padding-left:34px}@media (prefers-color-scheme: dark){body{background-color:#222;color:#d9d9d9}}&lt;/style&gt;&lt;meta http-equiv="refresh" content="360"&gt;&lt;/head&gt;&lt;body&gt;&lt;div class="main-wrapper" role="main"&gt;&lt;div class="main-content"&gt;&lt;noscript&gt;&lt;div class="h2"&gt;&lt;span id="challenge-error-text"&gt;Enable JavaScript and cookies to continue&lt;/span&gt;&lt;/div&gt;&lt;/noscript&gt;&lt;/div&gt;&lt;/div&gt;&lt;script&gt;(function(){window._cf_chl_opt = {cvId: '3',cZone: 'reqres.in',cType: 'managed',cRay: '9bcbc4919e9bee31',cH: 'R0MWEqWhd9XOmZMIlzda.Z6HAcL.8UAnnzVnJpdMXNc-1768211617-1.2.1.1-tFxSbNcEdG5LNQ9WxN54hIkM_uVxaXvcz0yuWqZbrCiwJYDOmTcsjMOGLaBIEuNO',cUPMDTk:"\/api\/users\/1234?__cf_chl_tk=13uV4e1qOAgQ504zAS.VVXVad41SFAzjPLmKstvhUHw-1768211617-1.0.1.1-483lSZoNJJSfQ5eFhttj0XqCukAY19P_sM8p5Z0zxUw",cFPWv: 'g',cITimeS: '1768211617',cTplC:0,cTplV:5,cTplB: '0',fa:"\/api\/users\/1234?__cf_chl_f_tk=13uV4e1qOAgQ504zAS.VVXVad41SFAzjPLmKstvhUHw-1768211617-1.0.1.1-483lSZoNJJSfQ5eFhttj0XqCukAY19P_sM8p5Z0zxUw",md: '53bR0i.t9_YgI8PmvskZyNdWQKaLmIOBlJbHNGJbs08-1768211617-1.2.1.1-YbTL5Zlr7o0sWOU8UV0aqk.mZGbejpZCvBZ5h.wvSnBBiwOoZI7lu9MgytPDNriLzfdzuY.DQVcXigFJ9evMo771BkhVIZoYO9meaVSbelil3TOORSYd65CKIiDsHOEiC7WKxKZHWXW7CBLCPcDmbcSBjbiS5.tlU_YFdwWR3Y2ZWZUhQr8YlkmCQH.kAGSnw09S_740qqr5ZgpAO6RrjXCE7QNbd2ukO6uvVTBet9GsWuF0jr.8p3rHX71ytBb6pondZCBQaQdp72dQK40xBxEmGd.F8zKRKXxMoYVIZe024R9eJuDG0luS2p1WwTMP7Ro0TQSSMIOT7g1yoeQ0UbnzAxQrOAy3R3pVxlpdTM4whaNItO599dMkxQb3cPEgJRYebyyHVlpOgeIEwR.qrevpcyYkwqbJJVfzbmWrwccdM3N2cU8EkQdoRFnqgJDv_iY2dhwtiN7MhKd3E2emi5Ve0eHbaczpS2493okNLXRZla8ffwItG7KcbDlFYnBKXYlqEJgrJ2nl6FB3JLl0x.SU9b3Xg0KKH8wObEKgw2txFAqevzR8xtcNaK3xV3iIExBm1J3RL46eFHi5LkVo51SJBJuoz88fyd0Dto81bgpDuMZSE2VmbjnILlrNVazr.vyMKvtLNU.mpqm.SNUiD1NCqvz35tZdADs.IekZCWmRsC_MX8NycqPW_J2tieT17wurcdkkY1scbd6c.3a9R8hWkIsHyHlbRe6SF9ADEt38JIAfafkWyK4PYW_EEdb7OPgRp.p.KF0krpDGtIsTvX_doyvEmOisnhoSXpfwsnGqKSasLUk5EoifsnEAvrzXc9vDusSwttNz1LqLpsIuxa5gRBpG45ISCGYpMM5y7eCLC_3654QZC6prMHsVO1Sp0ZcuWk8jz1ey3jX_2_DwJ03Ty95AoILjXxV54U1t0Iw',mdrd: '4CM6JqBujoCAJb9yZxm3qOS7Tlt8I3Xs6.eYuM.6hpk-1768211617-1.2.1.1-rPTd7mE1conPjRNkxDvcWUOkSMM8T_MbXso0D9AXuGRJ.jk8Fjsalg1S6j_01nk35IQREpRFcYNjpTbqVSj3e_0C3WEb4PLpRoa8bmUXRDnmjSlJ8iskxid2tBgqOttb9J2JrE2BuJ4EzHoCxUJX8nppFVy0M5PYX0fjsAFNhUSrXQYgs2yswlqu14cfVGw_uAygeQRU_IkJY0tQNNmromMbkeH8ZuXh0CXpsBbrOnlkwwcEqnu_JehzS64ywGI7EfP_EDokx6pJzjnj2IjUrADZtvgdRkDZxuT816kI7fiupcsowUXOtVGwo2UibHLdVLZkao3wygoaPhtjdCeoTExqscYDIm7kx8vKbusIlsSQOexF3ACAIbFtomoOvrjAhVCCs9w77VR9snsUQtMGIhujmvBgdCSS9Roq4O.lbKdL3Nk5OqLvxUwXkERk3pjdZMNY2oK3h39w0i1qvwK_QBO8J6rhvLZhdGlB0ACpp2v9PAkg0DJ.VDpfJ5HMIP51.HFBJ12a3x1lJcfk6LkLtxZh8lJGvCVLoxbMfgikTq8bt__CMaH7MIYBpdZ8_iWKJtCqEJ2LhSD77EqcxmMHSQ70lJTf9KpyHq2VppdoUZri__a1kFbYjJA1udRLLEljPzaffGvEUu2Z1E4BTB6p77TO1Fl_MhH46bZISA2W0iHPbED9C5MEYMtbIwACrCc0u8Vdk1Wbgw7WNaYpp7jITCdknKCJ7O_.LqXohSZ9JJM.qcKtQt9St6nktoKVWtSJMd.M.2brS61_gBnTexFF2hW9P53pDWHRq7jfXsr625iPOkVA9RsOGap7NHRsekN5CzOcx5huPrKlPMQuwG43.JOO0fh5naFucSqqhcoSifTK1Cm506j11xL87VTkMBbQBurhQIF1IiROeolJZxxk2.aSeAXANGxjK3OrdmGHp0RC4kpB9Khjy3pai9DonZ2Rp2EwGbn9GgDHnhulQ7mRUrpQRc9jiPNTcUmrO1ydgroj.hV2Z75e08ibF8BwGu4mLnmbpl6DhS_A8tO9fSTTMzQ2ownfB6J__Dy5mCTYpTEulJ5_d3VJ0ZBCGDBOXSuz6PNQEVGK9FoH5PqqceXbqGb7C7xXTm3krdy7DhjY9NaZ09LN4Fjm1HEF1WM0v0CiQvz6JX6JPJ1hm60gtw1_NWcl2iodUpQkzNEGR0VwJlZtOyw.N_59XHtj5TEmwsLiT4rpouyvqj06lQZd7NPGgZAbsSqUxkATgfGFUfFnYZuPYENUm2J23chOXOE4Z1svHanrf.l1eLqWFzL_zyjdnOZR6ilD7n0awm8U07ts4av_AZCLY49Os7ovGGifBH1FOP0GcZm_4xk55_38HlPY065.ZReqArDnoUdk5wwLysO6yZ5kyNluoS9EJNxsq6mj6wRlpMw.GPgnvGBUfvEg2vnQ1UvtfMJZOXDjt8BidjOY2KELk8LqQVeEbTdT0DvllsQLbbPAgU9VFTdjxqrHd0E2JBnVl3tS3KMAPves_v5IuXaILYcGzm5NJBfIoPGaNV1gfuuJvAf.bd.SMqS.B43Gbasynbbc4zHRArWAilwU6WdcRJld8LSv8S2w1CqefWyD5f_iPnobOGrHPEkqcqgjNbo2ih1nhQ5Psk0YPe9MSc4F0Z9MW9MZsGgf4e2F7ezXGqCJOtnqXQxoqKs9opDqCJ8Sz9NrJsO_fgU43h217X8m_NmR8SjkBiySMk2eQhEO3D5H16F6kRGeXD1DSPGKrZdYz2ulmqASFuZzMX.73kEh9qNjT2s5XuBFycifWRtobCo_VxmBWTecNywsvlDFtxmVMN0a14ToVJD4HLwf2PLALfS2J7FloPAVy6_W_fxbMmTni55gM5wdtACzCojGM2s9_zcURPwLWJtfTOztktG9ZCWAHzY6NGxKosfoWPd3U1VuLcqFfYLQXjBJVUvu_6YukxkR.j4hjVV1GdF5YZrULgP7VY4Igj8bnJUNSKzAdL08i0ZSlFWNZ0Tuajtl5aQJwotLLHRurEjP1__OxQVJ7FwmZlaLAO16NB.HZXNZcRkV6B7vkvcQYV2mZa03G1FeXS2P78NefWkJL6uyO3Va84dVWXBnKqbw0IOyVzWK2KBzhWeU8qZHfm83BOXxaRiB13beewxlEnsaw_IeP8O3ntJJyrNWL0GupKEQbAdHCotOY13UtZb.JS53n8Ys9pkTizlwUO67Emq4bUrK.eUXPj7j77ZlsVajl8E97MRT8DdbLErg30F64cdC6XRjUfRH8Gte29ymxPmQVP9e5cwoyUS6_LGxnCA.tbfj2V1eeBoPo_XizUKflWvGgSMYxnTLeh_XSyx1cUZPTGW7vY3Y2uAzEsKsZCcKOCScAwQDWfAiw0gLb1yOoKAJmxSZAy3Z26UR8RFKkUjcrqh5GNSuHN8NNZMBvROs52MYHAeIxMaePT40lCLp2rSpSPgAqUqLAQwOnIftCoP4vH179XkzQVNseOW6mtc4RTuYLDQ4K17VNn0GJdGoc6m6JPk2EsKgWHEhpASqzv369dKrPTrAbjsBZzcITgn3KbnFt0L9Aa67efIwlcbzKcgBhWzLw10O4Egd5R5Hq3YatikKKS4APqCr_6HMuXHPul4ghacUA79jjyJj29gPTfFwUfmokjIwl7hpubkvFXe9AMZvAjPD6FdCdb9Ao6Mu1WmLMhKmMjWnbN76FwSmDFDzOiZsjpCQUoErXw5HbgFlHm5O3YZWr28osz1595uEPJ7_hYp6inmGvF93bCnloUSApHtVh79aFPSNbJDcNhzvwBMF4a5jCsQtTJU2A62BZAho9hinSH62Yzy8nw00_bbzNNOKL6eHIQUubB8RqxWPVsvICWWgWYTg0r8dc.QDpT5DW4Uy7VZObxuYe7f2MA8071r6boZ7ZX6TMS7gr94_.CdMHi7rpLOQUxafcQw4p2FCrW0871VLXyuKinmHznek2RSRW8AFqIozJauZ2kXku3W1uk8ZgwK_py1X6.5oNfK0KI0NK0x63sJZAhqG7SSQ2g3bqOXmfewg3eiFbvmXavS5liR8k5e2c7AZ8bkjNz4TXIUa1VrklWmOOOzDYJfDCMETsCd58wQwhhwsFYPFDX1gn7Cm8wx7mdIdeA8JtF0UTBY0lCwfWrrc_sGFlYS3ugN7x7XVeOtbedp0yIDlO_fxstmbFcqm53.oz3rVLj7TFlRSseazWrqrhzZASB4Yjc5JcRTB1exhhIxPVWK81MzCQnZPyvFPQcBmZUY9C..V8Z9D8UGMjD4Dlo6WBwTYmNCH6ZcIcgBNcBeell41spNc6qtqZ4TYdzmICEiMY042pZBRjWKrCmAWQubhScbhTFXpnx6AgMRH3aFgpfVeb975RVoKK1a100y0nx.MzCyo37WUIAeu56LicU2jRqXMr3bWr1h1IASuMLGxZXCxfdrBb45Vr2c4MkjpoiEfnzVv_86JW30FpGvsBqXDjFuUYa7vjX0.w1RtEDUntKhk6gEunF1TqHwhqLeEmKgIha4MZ3WPFkZ9Am4n2sXFpTAXSLWaNJGvR3JFImMESxGzXSZjnlIQBPEtDccjUlcXJHZLlcUiYwev_Oj__h57_LHnrO2vAKz4rDkMILkqdhXnFyqKr0xKbwSiifPU5x7PlGHZpf6hjJaYit0hC7yEmQavYsOU7fYkQ_uDjfv00aXhcOUSoC0gSNZUvYW3F9ZHIp2m3ePZXyO46uxlp6_Bid9lq6jJHl0gsftxCCIwd.3erNzF1tlWVDqTaVQN_UJbYPTsWK4IMs36Ej3j0XBRIiqW4cdjqPnn9ir2rvacOJOX83nq3RwbDcQmNhlrldiIogJUrWD19gD5J3V19bYEi7eAQeJOwrqp_TvNPgOQ68stsiXdwMKfpCIpV7BzfeYgqoRVgXFUTeO._cqvQJy.GW_BAPy2DuVV1RrLNPiVUxN3V8SFglc0YpY399xu7ra7V3OEx2haFCKv4OLDMX2G2InA1vAeSoXef2bswZMZP8HzBVsIA4z46GkmSfgEFr3xNaOFzS4xn9v2ViOyMJ13y9oLrb2u.ZnqIcnuY4_Q3G3O1mEhcbQfBkUFGEwh42vFKEUcb2Sm.OV0GRVE75L3RRl6fIsrNbMOH4tjKUWrX5EvORSiKd26JRS5fSpiM452u7TgWmX7S5cYN4f.N_qkvT9IbboJk3guHP4IEnJU.BkGlhTja9PdHW5KKxY6FTxG2TH2',};var a = document.createElement('script');a.src = '/cdn-cgi/challenge-platform/h/g/orchestrate/chl_page/v1?ray=9bcbc4919e9bee31';window._cf_chl_opt.cOgUHash = location.hash === '' &amp;&amp; location.href.indexOf('#') !== -1 ? '#' : location.hash;window._cf_chl_opt.cOgUQuery = location.search === '' &amp;&amp; location.href.slice(0, location.href.length - window._cf_chl_opt.cOgUHash.length).indexOf('?') !== -1 ? '?' : location.search;if (window.history &amp;&amp; window.history.replaceState) {var ogU = location.pathname + window._cf_chl_opt.cOgUQuery + window._cf_chl_opt.cOgUHash;history.replaceState(null, null,"\/api\/users\/1234?__cf_chl_rt_tk=13uV4e1qOAgQ504zAS.VVXVad41SFAzjPLmKstvhUHw-1768211617-1.0.1.1-483lSZoNJJSfQ5eFhttj0XqCukAY19P_sM8p5Z0zxUw"+ window._cf_chl_opt.cOgUHash);a.onload = function() {history.replaceState(null, null, ogU);}}document.getElementsByTagName('head')[0].appendChild(a);}());&lt;/script&gt;&lt;/body&gt;&lt;/html&gt;</msg>
<arg>Response: ${resp.text}</arg>
<doc>Logs the given message with the given level.</doc>
<status status="PASS" start="2026-01-12T16:53:37.638086" elapsed="0.000497"/>
</kw>
<kw name="Should Be Equal As Integers" owner="BuiltIn">
<msg time="2026-01-12T16:53:37.639006" level="INFO">Argument types are:
&lt;class 'int'&gt;
&lt;class 'str'&gt;</msg>
<msg time="2026-01-12T16:53:37.639082" level="FAIL">403 != 404</msg>
<arg>${resp.status_code}</arg>
<arg>404</arg>
<doc>Fails if objects are unequal after converting them to integers.</doc>
<status status="FAIL" start="2026-01-12T16:53:37.638666" elapsed="0.000508">403 != 404</status>
</kw>
<kw name="Should Be Equal" owner="BuiltIn">
<arg>${resp.text}</arg>
<arg>{}</arg>
<doc>Fails if the given objects are unequal.</doc>
<status status="NOT RUN" start="2026-01-12T16:53:37.639269" elapsed="0.000019"/>
</kw>
<doc>Verify API returns 404 and empty body when user not found</doc>
<status status="FAIL" start="2026-01-12T16:53:37.419152" elapsed="0.220241">403 != 404</status>
</test>
<status status="FAIL" start="2026-01-12T16:53:37.132559" elapsed="0.507092"/>
</suite>
<statistics>
<total>
<stat pass="0" fail="2" skip="0">All Tests</stat>
</total>
<tag>
</tag>
<suite>
<stat name="Assignment3" id="s1" pass="0" fail="2" skip="0">Assignment3</stat>
</suite>
</statistics>
<errors>
<msg time="2026-01-12T16:53:37.310948" level="ERROR">Error in file '/Users/70008742/Downloads/robotframework-project/variables/config.robot' on line 12: Setting variable '${INVALID_PASSWORD} Password!' failed: Invalid variable name '${INVALID_PASSWORD} Password!'.</msg>
<msg time="2026-01-12T16:53:37.311002" level="ERROR">Error in file '/Users/70008742/Downloads/robotframework-project/variables/config.robot' on line 13: Setting variable '${INVALID_USERNAME} tomholland' failed: Invalid variable name '${INVALID_USERNAME} tomholland'.</msg>
</errors>
</robot>
